[0617/121848.462:ERROR:process_reader_win.cc(114)] NtOpenThread: {Access Denied} A process has requested access to an object, but has not been granted those access rights.  (0xc0000022)
[0617/121848.516:ERROR:exception_snapshot_win.cc(87)] thread ID 6112 not found in process
[0617/121848.463:ERROR:process_reader_win.cc(114)] NtOpenThread: {Access Denied} A process has requested access to an object, but has not been granted those access rights.  (0xc0000022)
[0617/121848.516:WARNING:crash_report_exception_handler.cc(60)] ProcessSnapshotWin::Initialize failed
[0617/121848.516:ERROR:exception_snapshot_win.cc(87)] thread ID 1648 not found in process
[0617/121848.516:WARNING:crash_report_exception_handler.cc(60)] ProcessSnapshotWin::Initialize failed
[0617/121928.508:ERROR:process_reader_win.cc(114)] NtOpenThread: {Access Denied} A process has requested access to an object, but has not been granted those access rights.  (0xc0000022)
[0617/121928.509:ERROR:exception_snapshot_win.cc(87)] thread ID 8876 not found in process
[0617/121928.509:WARNING:crash_report_exception_handler.cc(60)] ProcessSnapshotWin::Initialize failed
[0628/204521.918:ERROR:process_reader_win.cc(123)] NtOpenThread: {Access Denied} A process has requested access to an object, but has not been granted those access rights.  (0xc0000022)
[0628/204521.951:ERROR:exception_snapshot_win.cc(87)] thread ID 5036 not found in process
[0628/204521.909:ERROR:process_reader_win.cc(123)] NtOpenThread: {Access Denied} A process has requested access to an object, but has not been granted those access rights.  (0xc0000022)
[0628/204521.951:WARNING:crash_report_exception_handler.cc(62)] ProcessSnapshotWin::Initialize failed
[0628/204521.951:ERROR:exception_snapshot_win.cc(87)] thread ID 4456 not found in process
[0628/204521.951:WARNING:crash_report_exception_handler.cc(62)] ProcessSnapshotWin::Initialize failed
[0628/204808.815:ERROR:process_reader_win.cc(123)] NtOpenThread: {Access Denied} A process has requested access to an object, but has not been granted those access rights.  (0xc0000022)
[0628/204808.817:ERROR:exception_snapshot_win.cc(87)] thread ID 6608 not found in process
[0628/204808.817:WARNING:crash_report_exception_handler.cc(62)] ProcessSnapshotWin::Initialize failed
[0628/204808.830:ERROR:process_reader_win.cc(123)] NtOpenThread: {Access Denied} A process has requested access to an object, but has not been granted those access rights.  (0xc0000022)
[0628/204808.831:ERROR:exception_snapshot_win.cc(87)] thread ID 8416 not found in process
[0628/204808.831:WARNING:crash_report_exception_handler.cc(62)] ProcessSnapshotWin::Initialize failed
[0628/210752.198:ERROR:process_reader_win.cc(123)] NtOpenThread: {Access Denied} A process has requested access to an object, but has not been granted those access rights.  (0xc0000022)
[0628/210752.213:ERROR:exception_snapshot_win.cc(87)] thread ID 7760 not found in process
[0628/210752.213:WARNING:crash_report_exception_handler.cc(62)] ProcessSnapshotWin::Initialize failed
[0628/210958.466:ERROR:process_reader_win.cc(151)] SuspendThread: Access is denied. (0x5)
[0628/210958.467:ERROR:process_reader_win.cc(123)] NtOpenThread: {Access Denied} A process has requested access to an object, but has not been granted those access rights.  (0xc0000022)
[0628/210958.468:ERROR:exception_snapshot_win.cc(87)] thread ID 7688 not found in process
[0628/210958.468:WARNING:crash_report_exception_handler.cc(62)] ProcessSnapshotWin::Initialize failed
[0927/082806.883:ERROR:process_reader_win.cc(123)] NtOpenThread: {Access Denied} A process has requested access to an object, but has not been granted those access rights.  (0xc0000022)
[0927/082806.947:ERROR:exception_snapshot_win.cc(87)] thread ID 3280 not found in process
[0927/082806.947:WARNING:crash_report_exception_handler.cc(62)] ProcessSnapshotWin::Initialize failed
[0927/082852.739:ERROR:process_reader_win.cc(123)] NtOpenThread: {Access Denied} A process has requested access to an object, but has not been granted those access rights.  (0xc0000022)
[0927/082852.740:ERROR:exception_snapshot_win.cc(87)] thread ID 9132 not found in process
[0927/082852.740:WARNING:crash_report_exception_handler.cc(62)] ProcessSnapshotWin::Initialize failed
[0928/211932.754:ERROR:process_reader_win.cc(123)] NtOpenThread: {Access Denied} A process has requested access to an object, but has not been granted those access rights.  (0xc0000022)
[0928/211932.807:ERROR:exception_snapshot_win.cc(87)] thread ID 4544 not found in process
[0928/211932.807:WARNING:crash_report_exception_handler.cc(62)] ProcessSnapshotWin::Initialize failed
[0928/212030.049:ERROR:process_reader_win.cc(123)] NtOpenThread: {Access Denied} A process has requested access to an object, but has not been granted those access rights.  (0xc0000022)
[0928/212030.050:ERROR:exception_snapshot_win.cc(87)] thread ID 4736 not found in process
[0928/212030.050:WARNING:crash_report_exception_handler.cc(62)] ProcessSnapshotWin::Initialize failed
[0928/212053.142:ERROR:process_reader_win.cc(123)] NtOpenThread: {Access Denied} A process has requested access to an object, but has not been granted those access rights.  (0xc0000022)
[0928/212053.143:ERROR:exception_snapshot_win.cc(87)] thread ID 3344 not found in process
[0928/212053.143:WARNING:crash_report_exception_handler.cc(62)] ProcessSnapshotWin::Initialize failed
[0928/214131.594:ERROR:process_reader_win.cc(123)] NtOpenThread: {Access Denied} A process has requested access to an object, but has not been granted those access rights.  (0xc0000022)
[0928/214131.596:ERROR:exception_snapshot_win.cc(87)] thread ID 7984 not found in process
[0928/214131.596:WARNING:crash_report_exception_handler.cc(62)] ProcessSnapshotWin::Initialize failed
[0928/214131.597:ERROR:process_reader_win.cc(123)] NtOpenThread: {Access Denied} A process has requested access to an object, but has not been granted those access rights.  (0xc0000022)
[0928/214131.598:ERROR:exception_snapshot_win.cc(87)] thread ID 7612 not found in process
[0928/214131.598:WARNING:crash_report_exception_handler.cc(62)] ProcessSnapshotWin::Initialize failed
[0928/214131.618:ERROR:process_reader_win.cc(123)] NtOpenThread: {Access Denied} A process has requested access to an object, but has not been granted those access rights.  (0xc0000022)
[0928/214131.619:ERROR:exception_snapshot_win.cc(87)] thread ID 5320 not found in process
[0928/214131.619:WARNING:crash_report_exception_handler.cc(62)] ProcessSnapshotWin::Initialize failed
[0928/214131.627:ERROR:process_reader_win.cc(123)] NtOpenThread: {Access Denied} A process has requested access to an object, but has not been granted those access rights.  (0xc0000022)
[0928/214131.628:ERROR:exception_snapshot_win.cc(87)] thread ID 10060 not found in process
[0928/214131.628:WARNING:crash_report_exception_handler.cc(62)] ProcessSnapshotWin::Initialize failed
[0928/214131.635:ERROR:process_reader_win.cc(123)] NtOpenThread: {Access Denied} A process has requested access to an object, but has not been granted those access rights.  (0xc0000022)
[0928/214131.636:ERROR:exception_snapshot_win.cc(87)] thread ID 8548 not found in process
[0928/214131.636:WARNING:crash_report_exception_handler.cc(62)] ProcessSnapshotWin::Initialize failed
[0928/214131.665:ERROR:process_reader_win.cc(123)] NtOpenThread: {Access Denied} A process has requested access to an object, but has not been granted those access rights.  (0xc0000022)
[0928/214131.668:ERROR:exception_snapshot_win.cc(87)] thread ID 8304 not found in process
[0928/214131.668:WARNING:crash_report_exception_handler.cc(62)] ProcessSnapshotWin::Initialize failed
[0928/214131.685:ERROR:process_reader_win.cc(123)] NtOpenThread: {Access Denied} A process has requested access to an object, but has not been granted those access rights.  (0xc0000022)
[0928/214131.686:ERROR:exception_snapshot_win.cc(87)] thread ID 8048 not found in process
[0928/214131.686:WARNING:crash_report_exception_handler.cc(62)] ProcessSnapshotWin::Initialize failed
[0928/215115.413:ERROR:process_reader_win.cc(123)] NtOpenThread: {Access Denied} A process has requested access to an object, but has not been granted those access rights.  (0xc0000022)
[0928/215115.415:ERROR:exception_snapshot_win.cc(87)] thread ID 9864 not found in process
[0928/215115.415:WARNING:crash_report_exception_handler.cc(62)] ProcessSnapshotWin::Initialize failed
[0928/215115.420:ERROR:process_reader_win.cc(123)] NtOpenThread: {Access Denied} A process has requested access to an object, but has not been granted those access rights.  (0xc0000022)
[0928/215115.421:ERROR:exception_snapshot_win.cc(87)] thread ID 5216 not found in process
[0928/215115.421:WARNING:crash_report_exception_handler.cc(62)] ProcessSnapshotWin::Initialize failed
[1019/200556.471:ERROR:process_reader_win.cc(123)] NtOpenThread: {Access Denied} A process has requested access to an object, but has not been granted those access rights.  (0xc0000022)
[1019/200556.479:ERROR:exception_snapshot_win.cc(87)] thread ID 10072 not found in process
[1019/200556.479:WARNING:crash_report_exception_handler.cc(62)] ProcessSnapshotWin::Initialize failed
[1019/200556.478:ERROR:process_reader_win.cc(123)] NtOpenThread: {Access Denied} A process has requested access to an object, but has not been granted those access rights.  (0xc0000022)
[1019/200556.479:ERROR:exception_snapshot_win.cc(87)] thread ID 6220 not found in process
[1019/200556.479:WARNING:crash_report_exception_handler.cc(62)] ProcessSnapshotWin::Initialize failed
[1019/200556.473:ERROR:process_reader_win.cc(123)] NtOpenThread: {Access Denied} A process has requested access to an object, but has not been granted those access rights.  (0xc0000022)
[1019/200556.480:ERROR:exception_snapshot_win.cc(87)] thread ID 10012 not found in process
[1019/200556.480:WARNING:crash_report_exception_handler.cc(62)] ProcessSnapshotWin::Initialize failed
[1019/200556.471:ERROR:process_reader_win.cc(123)] NtOpenThread: {Access Denied} A process has requested access to an object, but has not been granted those access rights.  (0xc0000022)
[1019/200556.481:ERROR:exception_snapshot_win.cc(87)] thread ID 9432 not found in process
[1019/200556.481:WARNING:crash_report_exception_handler.cc(62)] ProcessSnapshotWin::Initialize failed
[1019/200556.474:ERROR:process_reader_win.cc(123)] NtOpenThread: {Access Denied} A process has requested access to an object, but has not been granted those access rights.  (0xc0000022)
[1019/200556.481:ERROR:exception_snapshot_win.cc(87)] thread ID 9224 not found in process
[1019/200556.481:WARNING:crash_report_exception_handler.cc(62)] ProcessSnapshotWin::Initialize failed
[1019/200556.485:ERROR:process_reader_win.cc(123)] NtOpenThread: {Access Denied} A process has requested access to an object, but has not been granted those access rights.  (0xc0000022)
[1019/200556.486:ERROR:exception_snapshot_win.cc(87)] thread ID 9548 not found in process
[1019/200556.486:WARNING:crash_report_exception_handler.cc(62)] ProcessSnapshotWin::Initialize failed
[1019/202237.706:ERROR:process_reader_win.cc(123)] NtOpenThread: {Access Denied} A process has requested access to an object, but has not been granted those access rights.  (0xc0000022)
[1019/202237.706:ERROR:exception_snapshot_win.cc(87)] thread ID 8736 not found in process
[1019/202237.706:WARNING:crash_report_exception_handler.cc(62)] ProcessSnapshotWin::Initialize failed
[1019/202237.753:ERROR:process_reader_win.cc(123)] NtOpenThread: {Access Denied} A process has requested access to an object, but has not been granted those access rights.  (0xc0000022)
[1019/202237.753:ERROR:exception_snapshot_win.cc(87)] thread ID 5272 not found in process
[1019/202237.753:WARNING:crash_report_exception_handler.cc(62)] ProcessSnapshotWin::Initialize failed
[1019/202444.379:ERROR:process_reader_win.cc(123)] NtOpenThread: {Access Denied} A process has requested access to an object, but has not been granted those access rights.  (0xc0000022)
[1019/202444.380:ERROR:exception_snapshot_win.cc(87)] thread ID 9188 not found in process
[1019/202444.380:WARNING:crash_report_exception_handler.cc(62)] ProcessSnapshotWin::Initialize failed
[1019/202929.800:ERROR:process_reader_win.cc(123)] NtOpenThread: {Access Denied} A process has requested access to an object, but has not been granted those access rights.  (0xc0000022)
[1019/202929.801:ERROR:exception_snapshot_win.cc(87)] thread ID 1336 not found in process
[1019/202929.801:WARNING:crash_report_exception_handler.cc(62)] ProcessSnapshotWin::Initialize failed
[1019/203841.404:ERROR:process_reader_win.cc(123)] NtOpenThread: {Access Denied} A process has requested access to an object, but has not been granted those access rights.  (0xc0000022)
[1019/203841.406:ERROR:exception_snapshot_win.cc(87)] thread ID 7928 not found in process
[1019/203841.406:WARNING:crash_report_exception_handler.cc(62)] ProcessSnapshotWin::Initialize failed
[1025/173756.036:ERROR:process_reader_win.cc(123)] NtOpenThread: {Access Denied} A process has requested access to an object, but has not been granted those access rights.  (0xc0000022)
[1025/173756.192:ERROR:exception_snapshot_win.cc(87)] thread ID 5948 not found in process
[1025/173756.192:WARNING:crash_report_exception_handler.cc(62)] ProcessSnapshotWin::Initialize failed
[1025/183140.897:ERROR:process_reader_win.cc(123)] NtOpenThread: {Access Denied} A process has requested access to an object, but has not been granted those access rights.  (0xc0000022)
[1025/183140.897:ERROR:exception_snapshot_win.cc(87)] thread ID 8588 not found in process
[1025/183140.897:WARNING:crash_report_exception_handler.cc(62)] ProcessSnapshotWin::Initialize failed
[1025/195745.582:ERROR:process_reader_win.cc(123)] NtOpenThread: {Access Denied} A process has requested access to an object, but has not been granted those access rights.  (0xc0000022)
[1025/195745.583:ERROR:exception_snapshot_win.cc(87)] thread ID 1040 not found in process
[1025/195745.583:WARNING:crash_report_exception_handler.cc(62)] ProcessSnapshotWin::Initialize failed
[1027/070155.590:ERROR:process_reader_win.cc(151)] SuspendThread: Access is denied. (0x5)
[1027/070155.591:ERROR:process_reader_win.cc(151)] SuspendThread: Access is denied. (0x5)
[1027/070155.592:ERROR:process_reader_win.cc(151)] SuspendThread: Access is denied. (0x5)
[1027/070155.592:ERROR:process_reader_win.cc(151)] SuspendThread: Access is denied. (0x5)
[1027/070155.592:ERROR:process_reader_win.cc(151)] SuspendThread: Access is denied. (0x5)
[1027/070155.592:ERROR:process_reader_win.cc(151)] SuspendThread: Access is denied. (0x5)
[1027/070155.592:ERROR:process_reader_win.cc(151)] SuspendThread: Access is denied. (0x5)
[1027/070155.592:ERROR:process_reader_win.cc(151)] SuspendThread: Access is denied. (0x5)
[1027/070155.592:ERROR:process_reader_win.cc(151)] SuspendThread: Access is denied. (0x5)
[1027/070155.592:ERROR:process_reader_win.cc(151)] SuspendThread: Access is denied. (0x5)
[1027/070155.592:ERROR:process_reader_win.cc(123)] NtOpenThread: {Access Denied} A process has requested access to an object, but has not been granted those access rights.  (0xc0000022)
[1027/070155.593:ERROR:exception_snapshot_win.cc(87)] thread ID 7452 not found in process
[1027/070155.594:WARNING:crash_report_exception_handler.cc(62)] ProcessSnapshotWin::Initialize failed
[1028/133146.838:ERROR:process_reader_win.cc(123)] NtOpenThread: {Access Denied} A process has requested access to an object, but has not been granted those access rights.  (0xc0000022)
[1028/133146.838:ERROR:exception_snapshot_win.cc(87)] thread ID 5688 not found in process
[1028/133146.838:WARNING:crash_report_exception_handler.cc(62)] ProcessSnapshotWin::Initialize failed
[1029/093006.357:ERROR:process_reader_win.cc(123)] NtOpenThread: {Access Denied} A process has requested access to an object, but has not been granted those access rights.  (0xc0000022)
[1029/093006.373:ERROR:exception_snapshot_win.cc(87)] thread ID 8324 not found in process
[1029/093006.373:WARNING:crash_report_exception_handler.cc(62)] ProcessSnapshotWin::Initialize failed
[1029/093607.736:ERROR:process_reader_win.cc(123)] NtOpenThread: {Access Denied} A process has requested access to an object, but has not been granted those access rights.  (0xc0000022)
[1029/093607.738:ERROR:exception_snapshot_win.cc(87)] thread ID 1000 not found in process
[1029/093607.738:WARNING:crash_report_exception_handler.cc(62)] ProcessSnapshotWin::Initialize failed
[1030/212659.424:ERROR:process_reader_win.cc(123)] NtOpenThread: {Access Denied} A process has requested access to an object, but has not been granted those access rights.  (0xc0000022)
[1030/212659.439:ERROR:exception_snapshot_win.cc(87)] thread ID 7776 not found in process
[1030/212659.439:WARNING:crash_report_exception_handler.cc(62)] ProcessSnapshotWin::Initialize failed
[1031/185837.737:ERROR:process_reader_win.cc(123)] NtOpenThread: {Access Denied} A process has requested access to an object, but has not been granted those access rights.  (0xc0000022)
[1031/185837.749:ERROR:exception_snapshot_win.cc(87)] thread ID 11372 not found in process
[1031/185837.749:WARNING:crash_report_exception_handler.cc(62)] ProcessSnapshotWin::Initialize failed
[1101/211626.123:ERROR:process_reader_win.cc(123)] NtOpenThread: {Access Denied} A process has requested access to an object, but has not been granted those access rights.  (0xc0000022)
[1101/211626.154:ERROR:exception_snapshot_win.cc(87)] thread ID 7476 not found in process
[1101/211626.154:WARNING:crash_report_exception_handler.cc(62)] ProcessSnapshotWin::Initialize failed
[0217/112548.904:ERROR:process_reader_win.cc(123)] NtOpenThread: {Access Denied} A process has requested access to an object, but has not been granted those access rights. (0xc0000022)
[0217/112548.919:ERROR:exception_snapshot_win.cc(88)] thread ID 4184 not found in process
[0217/112548.919:WARNING:crash_report_exception_handler.cc(62)] ProcessSnapshotWin::Initialize failed
[0217/113031.607:ERROR:process_reader_win.cc(123)] NtOpenThread: {Access Denied} A process has requested access to an object, but has not been granted those access rights. (0xc0000022)
[0217/113031.607:ERROR:exception_snapshot_win.cc(88)] thread ID 5716 not found in process
[0217/113031.607:WARNING:crash_report_exception_handler.cc(62)] ProcessSnapshotWin::Initialize failed
[0217/113031.717:ERROR:process_reader_win.cc(123)] NtOpenThread: {Access Denied} A process has requested access to an object, but has not been granted those access rights. (0xc0000022)
[0217/113031.717:ERROR:exception_snapshot_win.cc(88)] thread ID 6284 not found in process
[0217/113031.717:WARNING:crash_report_exception_handler.cc(62)] ProcessSnapshotWin::Initialize failed
[0217/114654.252:ERROR:process_reader_win.cc(123)] NtOpenThread: {Access Denied} A process has requested access to an object, but has not been granted those access rights. (0xc0000022)
[0217/114654.252:ERROR:exception_snapshot_win.cc(88)] thread ID 5476 not found in process
[0217/114654.252:WARNING:crash_report_exception_handler.cc(62)] ProcessSnapshotWin::Initialize failed
[0217/115459.487:ERROR:process_reader_win.cc(123)] NtOpenThread: {Access Denied} A process has requested access to an object, but has not been granted those access rights. (0xc0000022)
[0217/115459.487:ERROR:exception_snapshot_win.cc(88)] thread ID 10056 not found in process
[0217/115459.487:WARNING:crash_report_exception_handler.cc(62)] ProcessSnapshotWin::Initialize failed
[0217/115459.534:ERROR:process_reader_win.cc(123)] NtOpenThread: {Access Denied} A process has requested access to an object, but has not been granted those access rights. (0xc0000022)
[0217/115459.534:ERROR:exception_snapshot_win.cc(88)] thread ID 5724 not found in process
[0217/115459.534:WARNING:crash_report_exception_handler.cc(62)] ProcessSnapshotWin::Initialize failed
[0221/201216.345:ERROR:process_reader_win.cc(123)] NtOpenThread: {Access Denied} A process has requested access to an object, but has not been granted those access rights. (0xc0000022)
[0221/201216.360:ERROR:exception_snapshot_win.cc(88)] thread ID 3656 not found in process
[0221/201216.360:WARNING:crash_report_exception_handler.cc(62)] ProcessSnapshotWin::Initialize failed
[0221/201216.501:ERROR:process_reader_win.cc(123)] NtOpenThread: {Access Denied} A process has requested access to an object, but has not been granted those access rights. (0xc0000022)
[0221/201216.501:ERROR:exception_snapshot_win.cc(88)] thread ID 8640 not found in process
[0221/201216.501:WARNING:crash_report_exception_handler.cc(62)] ProcessSnapshotWin::Initialize failed
[0221/201456.580:ERROR:process_reader_win.cc(123)] NtOpenThread: {Access Denied} A process has requested access to an object, but has not been granted those access rights. (0xc0000022)
[0221/201456.580:ERROR:exception_snapshot_win.cc(88)] thread ID 8172 not found in process
[0221/201456.580:WARNING:crash_report_exception_handler.cc(62)] ProcessSnapshotWin::Initialize failed
[0221/201456.752:ERROR:process_reader_win.cc(123)] NtOpenThread: {Access Denied} A process has requested access to an object, but has not been granted those access rights. (0xc0000022)
[0221/201456.752:ERROR:exception_snapshot_win.cc(88)] thread ID 5164 not found in process
[0221/201456.752:WARNING:crash_report_exception_handler.cc(62)] ProcessSnapshotWin::Initialize failed
[0221/203933.470:ERROR:process_reader_win.cc(123)] NtOpenThread: {Access Denied} A process has requested access to an object, but has not been granted those access rights. (0xc0000022)
[0221/203933.471:ERROR:exception_snapshot_win.cc(88)] thread ID 1312 not found in process
[0221/203933.471:WARNING:crash_report_exception_handler.cc(62)] ProcessSnapshotWin::Initialize failed
[0221/203933.553:ERROR:process_reader_win.cc(123)] NtOpenThread: {Access Denied} A process has requested access to an object, but has not been granted those access rights. (0xc0000022)
[0221/203933.553:ERROR:exception_snapshot_win.cc(88)] thread ID 11356 not found in process
[0221/203933.553:WARNING:crash_report_exception_handler.cc(62)] ProcessSnapshotWin::Initialize failed
[0221/204135.453:ERROR:process_reader_win.cc(123)] NtOpenThread: {Access Denied} A process has requested access to an object, but has not been granted those access rights. (0xc0000022)
[0221/204135.453:ERROR:exception_snapshot_win.cc(88)] thread ID 12204 not found in process
[0221/204135.453:WARNING:crash_report_exception_handler.cc(62)] ProcessSnapshotWin::Initialize failed
[0221/204135.511:ERROR:process_reader_win.cc(123)] NtOpenThread: {Access Denied} A process has requested access to an object, but has not been granted those access rights. (0xc0000022)
[0221/204135.515:ERROR:exception_snapshot_win.cc(88)] thread ID 9060 not found in process
[0221/204135.515:WARNING:crash_report_exception_handler.cc(62)] ProcessSnapshotWin::Initialize failed
[0221/204404.968:ERROR:process_reader_win.cc(123)] NtOpenThread: {Access Denied} A process has requested access to an object, but has not been granted those access rights. (0xc0000022)
[0221/204404.969:ERROR:exception_snapshot_win.cc(88)] thread ID 10228 not found in process
[0221/204404.969:WARNING:crash_report_exception_handler.cc(62)] ProcessSnapshotWin::Initialize failed
[0221/204405.064:ERROR:process_reader_win.cc(123)] NtOpenThread: {Access Denied} A process has requested access to an object, but has not been granted those access rights. (0xc0000022)
[0221/204405.065:ERROR:exception_snapshot_win.cc(88)] thread ID 264 not found in process
[0221/204405.065:WARNING:crash_report_exception_handler.cc(62)] ProcessSnapshotWin::Initialize failed
[0221/205116.814:ERROR:process_reader_win.cc(123)] NtOpenThread: {Access Denied} A process has requested access to an object, but has not been granted those access rights. (0xc0000022)
[0221/205116.815:ERROR:exception_snapshot_win.cc(88)] thread ID 11628 not found in process
[0221/205116.816:WARNING:crash_report_exception_handler.cc(62)] ProcessSnapshotWin::Initialize failed
[0221/205116.884:ERROR:process_reader_win.cc(123)] NtOpenThread: {Access Denied} A process has requested access to an object, but has not been granted those access rights. (0xc0000022)
[0221/205116.885:ERROR:exception_snapshot_win.cc(88)] thread ID 10828 not found in process
[0221/205116.885:WARNING:crash_report_exception_handler.cc(62)] ProcessSnapshotWin::Initialize failed
[0221/210315.136:ERROR:process_reader_win.cc(123)] NtOpenThread: {Access Denied} A process has requested access to an object, but has not been granted those access rights. (0xc0000022)
[0221/210315.136:ERROR:exception_snapshot_win.cc(88)] thread ID 11244 not found in process
[0221/210315.136:WARNING:crash_report_exception_handler.cc(62)] ProcessSnapshotWin::Initialize failed
[0221/210315.168:ERROR:process_reader_win.cc(123)] NtOpenThread: {Access Denied} A process has requested access to an object, but has not been granted those access rights. (0xc0000022)
[0221/210315.168:ERROR:exception_snapshot_win.cc(88)] thread ID 9980 not found in process
[0221/210315.168:WARNING:crash_report_exception_handler.cc(62)] ProcessSnapshotWin::Initialize failed
[0221/211117.268:ERROR:process_reader_win.cc(123)] NtOpenThread: {Access Denied} A process has requested access to an object, but has not been granted those access rights. (0xc0000022)
[0221/211117.268:ERROR:exception_snapshot_win.cc(88)] thread ID 8368 not found in process
[0221/211117.268:WARNING:crash_report_exception_handler.cc(62)] ProcessSnapshotWin::Initialize failed
[0221/211117.303:ERROR:process_reader_win.cc(123)] NtOpenThread: {Access Denied} A process has requested access to an object, but has not been granted those access rights. (0xc0000022)
[0221/211117.304:ERROR:exception_snapshot_win.cc(88)] thread ID 7612 not found in process
[0221/211117.304:WARNING:crash_report_exception_handler.cc(62)] ProcessSnapshotWin::Initialize failed
[0221/212909.099:ERROR:process_reader_win.cc(123)] NtOpenThread: {Access Denied} A process has requested access to an object, but has not been granted those access rights. (0xc0000022)
[0221/212909.101:ERROR:exception_snapshot_win.cc(88)] thread ID 6668 not found in process
[0221/212909.101:WARNING:crash_report_exception_handler.cc(62)] ProcessSnapshotWin::Initialize failed
[0221/212909.147:ERROR:process_reader_win.cc(123)] NtOpenThread: {Access Denied} A process has requested access to an object, but has not been granted those access rights. (0xc0000022)
[0221/212909.148:ERROR:exception_snapshot_win.cc(88)] thread ID 8244 not found in process
[0221/212909.148:WARNING:crash_report_exception_handler.cc(62)] ProcessSnapshotWin::Initialize failed
[0221/213231.531:ERROR:process_reader_win.cc(123)] NtOpenThread: {Access Denied} A process has requested access to an object, but has not been granted those access rights. (0xc0000022)
[0221/213231.533:ERROR:exception_snapshot_win.cc(88)] thread ID 6480 not found in process
[0221/213231.533:WARNING:crash_report_exception_handler.cc(62)] ProcessSnapshotWin::Initialize failed
[0221/213231.568:ERROR:process_reader_win.cc(123)] NtOpenThread: {Access Denied} A process has requested access to an object, but has not been granted those access rights. (0xc0000022)
[0221/213231.584:ERROR:exception_snapshot_win.cc(88)] thread ID 4480 not found in process
[0221/213231.584:WARNING:crash_report_exception_handler.cc(62)] ProcessSnapshotWin::Initialize failed
[0222/182349.960:ERROR:process_reader_win.cc(123)] NtOpenThread: {Access Denied} A process has requested access to an object, but has not been granted those access rights. (0xc0000022)
[0222/182349.961:ERROR:exception_snapshot_win.cc(88)] thread ID 11196 not found in process
[0222/182349.961:WARNING:crash_report_exception_handler.cc(62)] ProcessSnapshotWin::Initialize failed
[0222/182350.057:ERROR:process_reader_win.cc(123)] NtOpenThread: {Access Denied} A process has requested access to an object, but has not been granted those access rights. (0xc0000022)
[0222/182350.057:ERROR:exception_snapshot_win.cc(88)] thread ID 11848 not found in process
[0222/182350.057:WARNING:crash_report_exception_handler.cc(62)] ProcessSnapshotWin::Initialize failed
[0222/182717.877:ERROR:process_reader_win.cc(123)] NtOpenThread: {Access Denied} A process has requested access to an object, but has not been granted those access rights. (0xc0000022)
[0222/182717.877:ERROR:exception_snapshot_win.cc(88)] thread ID 652 not found in process
[0222/182717.877:WARNING:crash_report_exception_handler.cc(62)] ProcessSnapshotWin::Initialize failed
[0222/182717.971:ERROR:process_reader_win.cc(123)] NtOpenThread: {Access Denied} A process has requested access to an object, but has not been granted those access rights. (0xc0000022)
[0222/182717.971:ERROR:exception_snapshot_win.cc(88)] thread ID 6680 not found in process
[0222/182717.971:WARNING:crash_report_exception_handler.cc(62)] ProcessSnapshotWin::Initialize failed
[0222/183339.911:ERROR:process_reader_win.cc(123)] NtOpenThread: {Access Denied} A process has requested access to an object, but has not been granted those access rights. (0xc0000022)
[0222/183339.911:ERROR:exception_snapshot_win.cc(88)] thread ID 2848 not found in process
[0222/183339.911:WARNING:crash_report_exception_handler.cc(62)] ProcessSnapshotWin::Initialize failed
[0222/183339.989:ERROR:process_reader_win.cc(123)] NtOpenThread: {Access Denied} A process has requested access to an object, but has not been granted those access rights. (0xc0000022)
[0222/183339.989:ERROR:exception_snapshot_win.cc(88)] thread ID 11268 not found in process
[0222/183339.989:WARNING:crash_report_exception_handler.cc(62)] ProcessSnapshotWin::Initialize failed
[0222/183455.290:ERROR:process_reader_win.cc(123)] NtOpenThread: {Access Denied} A process has requested access to an object, but has not been granted those access rights. (0xc0000022)
[0222/183455.290:ERROR:exception_snapshot_win.cc(88)] thread ID 6104 not found in process
[0222/183455.290:WARNING:crash_report_exception_handler.cc(62)] ProcessSnapshotWin::Initialize failed
[0222/183455.305:ERROR:process_reader_win.cc(123)] NtOpenThread: {Access Denied} A process has requested access to an object, but has not been granted those access rights. (0xc0000022)
[0222/183455.305:ERROR:exception_snapshot_win.cc(88)] thread ID 3656 not found in process
[0222/183455.305:WARNING:crash_report_exception_handler.cc(62)] ProcessSnapshotWin::Initialize failed
[0222/183657.105:ERROR:process_reader_win.cc(123)] NtOpenThread: {Access Denied} A process has requested access to an object, but has not been granted those access rights. (0xc0000022)
[0222/183657.106:ERROR:exception_snapshot_win.cc(88)] thread ID 9024 not found in process
[0222/183657.106:WARNING:crash_report_exception_handler.cc(62)] ProcessSnapshotWin::Initialize failed
[0222/183657.108:ERROR:process_reader_win.cc(123)] NtOpenThread: {Access Denied} A process has requested access to an object, but has not been granted those access rights. (0xc0000022)
[0222/183657.108:ERROR:exception_snapshot_win.cc(88)] thread ID 3272 not found in process
[0222/183657.108:WARNING:crash_report_exception_handler.cc(62)] ProcessSnapshotWin::Initialize failed
[0222/183939.371:ERROR:process_reader_win.cc(123)] NtOpenThread: {Access Denied} A process has requested access to an object, but has not been granted those access rights. (0xc0000022)
[0222/183939.371:ERROR:exception_snapshot_win.cc(88)] thread ID 4108 not found in process
[0222/183939.371:WARNING:crash_report_exception_handler.cc(62)] ProcessSnapshotWin::Initialize failed
[0222/183939.387:ERROR:process_reader_win.cc(123)] NtOpenThread: {Access Denied} A process has requested access to an object, but has not been granted those access rights. (0xc0000022)
[0222/183939.387:ERROR:exception_snapshot_win.cc(88)] thread ID 7336 not found in process
[0222/183939.387:WARNING:crash_report_exception_handler.cc(62)] ProcessSnapshotWin::Initialize failed
[0222/184848.789:ERROR:process_reader_win.cc(123)] NtOpenThread: {Access Denied} A process has requested access to an object, but has not been granted those access rights. (0xc0000022)
[0222/184848.790:ERROR:exception_snapshot_win.cc(88)] thread ID 12212 not found in process
[0222/184848.790:WARNING:crash_report_exception_handler.cc(62)] ProcessSnapshotWin::Initialize failed
[0222/184848.888:ERROR:process_reader_win.cc(123)] NtOpenThread: {Access Denied} A process has requested access to an object, but has not been granted those access rights. (0xc0000022)
[0222/184848.888:ERROR:exception_snapshot_win.cc(88)] thread ID 3352 not found in process
[0222/184848.888:WARNING:crash_report_exception_handler.cc(62)] ProcessSnapshotWin::Initialize failed
[0222/185832.260:ERROR:process_reader_win.cc(123)] NtOpenThread: {Access Denied} A process has requested access to an object, but has not been granted those access rights. (0xc0000022)
[0222/185832.260:ERROR:exception_snapshot_win.cc(88)] thread ID 10968 not found in process
[0222/185832.260:WARNING:crash_report_exception_handler.cc(62)] ProcessSnapshotWin::Initialize failed
[0222/185832.275:ERROR:process_reader_win.cc(123)] NtOpenThread: {Access Denied} A process has requested access to an object, but has not been granted those access rights. (0xc0000022)
[0222/185832.291:ERROR:exception_snapshot_win.cc(88)] thread ID 9264 not found in process
[0222/185832.291:WARNING:crash_report_exception_handler.cc(62)] ProcessSnapshotWin::Initialize failed
